<?xml version="1.0" encoding="UTF-8"?>
<!-- Generated by org.testng.reporters.JUnitReportReporter -->
<testsuite hostname="DESKTOP-RLJTTAG" failures="0" tests="2" name="testcases.Login_test" time="4.588" errors="0" timestamp="2025-09-19T13:18:16 IST" skipped="0">
  <testcase classname="testcases.Login_test" name="verify_login" time="1.867"/>
  <testcase classname="testcases.Login_test" name="verify_login" time="2.721"/>
</testsuite> <!-- testcases.Login_test -->
