<?xml version="1.0" encoding="UTF-8"?>
<!-- Generated by org.testng.reporters.JUnitReportReporter -->
<testsuite hostname="DESKTOP-RLJTTAG" failures="0" tests="2" name="testcases.Account_registration_test" time="10.980" errors="0" timestamp="2025-09-19T13:18:16 IST" skipped="0">
  <testcase classname="testcases.Account_registration_test" name="test_account_Registration" time="5.522"/>
  <testcase classname="testcases.Account_registration_test" name="test_account_Registration" time="5.458"/>
</testsuite> <!-- testcases.Account_registration_test -->
